2021-03-18 01:58:43.008 DEBUG 4651 --- [http-nio-9221-exec-10] o.s.web.servlet.DispatcherServlet        : POST "/v1/scanFile", parameters={masked}
2021-03-18 01:58:43.566 DEBUG 4651 --- [http-nio-9221-exec-10] s.w.s.m.m.a.RequestMappingHandlerMapping : Mapped to com.hcl.appscan.customscannersservice.controller.CustomScannersController#runScanFile(MultipartFile, String, int[])
2021-03-18 01:58:43.658 DEBUG 4651 --- [http-nio-9221-exec-10] o.s.w.s.m.m.a.HttpEntityMethodProcessor  : Using 'application/json', given [application/json] and supported [application/json]
2021-03-18 01:58:43.658 DEBUG 4651 --- [http-nio-9221-exec-10] o.s.w.s.m.m.a.HttpEntityMethodProcessor  : Writing [CustomScannerServiceResult{findings=[], articles={}}]
2021-03-18 01:58:43.661 DEBUG 4651 --- [http-nio-9221-exec-10] o.s.web.servlet.DispatcherServlet        : Completed 200 OK
2021-03-18 01:59:30.592 DEBUG 4651 --- [http-nio-9221-exec-2] o.s.web.servlet.DispatcherServlet        : POST "/v1/scanFile", parameters={masked}
2021-03-18 01:59:30.594 DEBUG 4651 --- [http-nio-9221-exec-2] s.w.s.m.m.a.RequestMappingHandlerMapping : Mapped to com.hcl.appscan.customscannersservice.controller.CustomScannersController#runScanFile(MultipartFile, String, int[])
2021-03-18 01:59:30.625 DEBUG 4651 --- [http-nio-9221-exec-2] o.s.w.s.m.m.a.HttpEntityMethodProcessor  : Using 'application/json', given [application/json] and supported [application/json]
2021-03-18 01:59:30.626 DEBUG 4651 --- [http-nio-9221-exec-2] o.s.w.s.m.m.a.HttpEntityMethodProcessor  : Writing [CustomScannerServiceResult{findings=[], articles={}}]
2021-03-18 01:59:30.627 DEBUG 4651 --- [http-nio-9221-exec-2] o.s.web.servlet.DispatcherServlet        : Completed 200 OK
2021-03-18 01:59:30.988 DEBUG 4651 --- [http-nio-9221-exec-3] o.s.web.servlet.DispatcherServlet        : POST "/v1/scanFile", parameters={masked}
2021-03-18 01:59:30.989 DEBUG 4651 --- [http-nio-9221-exec-3] s.w.s.m.m.a.RequestMappingHandlerMapping : Mapped to com.hcl.appscan.customscannersservice.controller.CustomScannersController#runScanFile(MultipartFile, String, int[])
2021-03-18 01:59:31.029 DEBUG 4651 --- [http-nio-9221-exec-3] o.s.w.s.m.m.a.HttpEntityMethodProcessor  : Using 'application/json', given [application/json] and supported [application/json]
2021-03-18 01:59:31.030 DEBUG 4651 --- [http-nio-9221-exec-3] o.s.w.s.m.m.a.HttpEntityMethodProcessor  : Writing [CustomScannerServiceResult{findings=[], articles={}}]
2021-03-18 01:59:31.032 DEBUG 4651 --- [http-nio-9221-exec-3] o.s.web.servlet.DispatcherServlet        : Completed 200 OK
2021-03-18 02:06:00.452 DEBUG 4651 --- [http-nio-9221-exec-4] o.s.web.servlet.DispatcherServlet        : POST "/v1/scanFile", parameters={masked}
2021-03-18 02:06:00.453 DEBUG 4651 --- [http-nio-9221-exec-4] s.w.s.m.m.a.RequestMappingHandlerMapping : Mapped to com.hcl.appscan.customscannersservice.controller.CustomScannersController#runScanFile(MultipartFile, String, int[])
2021-03-18 02:06:00.486 DEBUG 4651 --- [http-nio-9221-exec-4] o.s.w.s.m.m.a.HttpEntityMethodProcessor  : Using 'application/json', given [application/json] and supported [application/json]
2021-03-18 02:06:00.486 DEBUG 4651 --- [http-nio-9221-exec-4] o.s.w.s.m.m.a.HttpEntityMethodProcessor  : Writing [CustomScannerServiceResult{findings=[], articles={}}]
2021-03-18 02:06:00.488 DEBUG 4651 --- [http-nio-9221-exec-4] o.s.web.servlet.DispatcherServlet        : Completed 200 OK
2021-03-18 02:06:00.635 DEBUG 4651 --- [http-nio-9221-exec-5] o.s.web.servlet.DispatcherServlet        : POST "/v1/scanFile", parameters={masked}
2021-03-18 02:06:00.636 DEBUG 4651 --- [http-nio-9221-exec-5] s.w.s.m.m.a.RequestMappingHandlerMapping : Mapped to com.hcl.appscan.customscannersservice.controller.CustomScannersController#runScanFile(MultipartFile, String, int[])
2021-03-18 02:06:00.712 DEBUG 4651 --- [http-nio-9221-exec-5] o.s.w.s.m.m.a.HttpEntityMethodProcessor  : Using 'application/json', given [application/json] and supported [application/json]
2021-03-18 02:06:00.714 DEBUG 4651 --- [http-nio-9221-exec-5] o.s.w.s.m.m.a.HttpEntityMethodProcessor  : Writing [CustomScannerServiceResult{findings=[], articles={}}]
2021-03-18 02:06:00.715 DEBUG 4651 --- [http-nio-9221-exec-5] o.s.web.servlet.DispatcherServlet        : Completed 200 OK
2021-03-18 02:06:00.891 DEBUG 4651 --- [http-nio-9221-exec-6] o.s.web.servlet.DispatcherServlet        : POST "/v1/scanFile", parameters={masked}
2021-03-18 02:06:00.891 DEBUG 4651 --- [http-nio-9221-exec-6] s.w.s.m.m.a.RequestMappingHandlerMapping : Mapped to com.hcl.appscan.customscannersservice.controller.CustomScannersController#runScanFile(MultipartFile, String, int[])
2021-03-18 02:06:00.924 DEBUG 4651 --- [http-nio-9221-exec-6] o.s.w.s.m.m.a.HttpEntityMethodProcessor  : Using 'application/json', given [application/json] and supported [application/json]
2021-03-18 02:06:00.926 DEBUG 4651 --- [http-nio-9221-exec-6] o.s.w.s.m.m.a.HttpEntityMethodProcessor  : Writing [CustomScannerServiceResult{findings=[], articles={}}]
2021-03-18 02:06:00.928 DEBUG 4651 --- [http-nio-9221-exec-6] o.s.web.servlet.DispatcherServlet        : Completed 200 OK
2021-03-18 02:08:31.386 DEBUG 4651 --- [http-nio-9221-exec-1] o.s.web.servlet.DispatcherServlet        : POST "/v1/scanFile", parameters={masked}
2021-03-18 02:08:31.387 DEBUG 4651 --- [http-nio-9221-exec-1] s.w.s.m.m.a.RequestMappingHandlerMapping : Mapped to com.hcl.appscan.customscannersservice.controller.CustomScannersController#runScanFile(MultipartFile, String, int[])
2021-03-18 02:08:31.392 DEBUG 4651 --- [http-nio-9221-exec-1] o.s.w.s.m.m.a.HttpEntityMethodProcessor  : Using 'application/json', given [application/json] and supported [application/json]
2021-03-18 02:08:31.393 DEBUG 4651 --- [http-nio-9221-exec-1] o.s.w.s.m.m.a.HttpEntityMethodProcessor  : Writing [CustomScannerServiceResult{findings=[], articles={}}]
2021-03-18 02:08:31.394 DEBUG 4651 --- [http-nio-9221-exec-1] o.s.web.servlet.DispatcherServlet        : Completed 200 OK
2021-03-18 02:08:31.629 DEBUG 4651 --- [http-nio-9221-exec-7] o.s.web.servlet.DispatcherServlet        : POST "/v1/scanFile", parameters={masked}
2021-03-18 02:08:31.629 DEBUG 4651 --- [http-nio-9221-exec-7] s.w.s.m.m.a.RequestMappingHandlerMapping : Mapped to com.hcl.appscan.customscannersservice.controller.CustomScannersController#runScanFile(MultipartFile, String, int[])
2021-03-18 02:08:31.638 DEBUG 4651 --- [http-nio-9221-exec-7] o.s.w.s.m.m.a.HttpEntityMethodProcessor  : Using 'application/json', given [application/json] and supported [application/json]
2021-03-18 02:08:31.638 DEBUG 4651 --- [http-nio-9221-exec-7] o.s.w.s.m.m.a.HttpEntityMethodProcessor  : Writing [CustomScannerServiceResult{findings=[], articles={}}]
2021-03-18 02:08:31.642 DEBUG 4651 --- [http-nio-9221-exec-7] o.s.web.servlet.DispatcherServlet        : Completed 200 OK
2021-03-18 02:08:32.049 DEBUG 4651 --- [http-nio-9221-exec-8] o.s.web.servlet.DispatcherServlet        : POST "/v1/scanFile", parameters={masked}
2021-03-18 02:08:32.050 DEBUG 4651 --- [http-nio-9221-exec-8] s.w.s.m.m.a.RequestMappingHandlerMapping : Mapped to com.hcl.appscan.customscannersservice.controller.CustomScannersController#runScanFile(MultipartFile, String, int[])
2021-03-18 02:08:32.073 DEBUG 4651 --- [http-nio-9221-exec-8] o.s.w.s.m.m.a.HttpEntityMethodProcessor  : Using 'application/json', given [application/json] and supported [application/json]
2021-03-18 02:08:32.073 DEBUG 4651 --- [http-nio-9221-exec-8] o.s.w.s.m.m.a.HttpEntityMethodProcessor  : Writing [CustomScannerServiceResult{findings=[], articles={}}]
2021-03-18 02:08:32.074 DEBUG 4651 --- [http-nio-9221-exec-8] o.s.web.servlet.DispatcherServlet        : Completed 200 OK
2021-03-18 02:10:49.542 DEBUG 4651 --- [http-nio-9221-exec-9] o.s.web.servlet.DispatcherServlet        : POST "/v1/scanFile", parameters={masked}
2021-03-18 02:10:49.543 DEBUG 4651 --- [http-nio-9221-exec-9] s.w.s.m.m.a.RequestMappingHandlerMapping : Mapped to com.hcl.appscan.customscannersservice.controller.CustomScannersController#runScanFile(MultipartFile, String, int[])
2021-03-18 02:10:49.572 DEBUG 4651 --- [http-nio-9221-exec-9] o.s.w.s.m.m.a.HttpEntityMethodProcessor  : Using 'application/json', given [application/json] and supported [application/json]
2021-03-18 02:10:49.572 DEBUG 4651 --- [http-nio-9221-exec-9] o.s.w.s.m.m.a.HttpEntityMethodProcessor  : Writing [CustomScannerServiceResult{findings=[], articles={}}]
2021-03-18 02:10:49.573 DEBUG 4651 --- [http-nio-9221-exec-9] o.s.web.servlet.DispatcherServlet        : Completed 200 OK
2021-03-18 02:10:49.745 DEBUG 4651 --- [http-nio-9221-exec-10] o.s.web.servlet.DispatcherServlet        : POST "/v1/scanFile", parameters={masked}
2021-03-18 02:10:49.746 DEBUG 4651 --- [http-nio-9221-exec-10] s.w.s.m.m.a.RequestMappingHandlerMapping : Mapped to com.hcl.appscan.customscannersservice.controller.CustomScannersController#runScanFile(MultipartFile, String, int[])
2021-03-18 02:10:49.791 DEBUG 4651 --- [http-nio-9221-exec-10] o.s.w.s.m.m.a.HttpEntityMethodProcessor  : Using 'application/json', given [application/json] and supported [application/json]
2021-03-18 02:10:49.793 DEBUG 4651 --- [http-nio-9221-exec-10] o.s.w.s.m.m.a.HttpEntityMethodProcessor  : Writing [CustomScannerServiceResult{findings=[], articles={}}]
2021-03-18 02:10:49.794 DEBUG 4651 --- [http-nio-9221-exec-10] o.s.web.servlet.DispatcherServlet        : Completed 200 OK
2021-03-18 02:11:40.237 DEBUG 4651 --- [http-nio-9221-exec-2] o.s.web.servlet.DispatcherServlet        : POST "/v1/scanFile", parameters={masked}
2021-03-18 02:11:40.238 DEBUG 4651 --- [http-nio-9221-exec-2] s.w.s.m.m.a.RequestMappingHandlerMapping : Mapped to com.hcl.appscan.customscannersservice.controller.CustomScannersController#runScanFile(MultipartFile, String, int[])
2021-03-18 02:11:40.243 DEBUG 4651 --- [http-nio-9221-exec-2] o.s.w.s.m.m.a.HttpEntityMethodProcessor  : Using 'application/json', given [application/json] and supported [application/json]
2021-03-18 02:11:40.244 DEBUG 4651 --- [http-nio-9221-exec-2] o.s.w.s.m.m.a.HttpEntityMethodProcessor  : Writing [CustomScannerServiceResult{findings=[], articles={}}]
2021-03-18 02:11:40.244 DEBUG 4651 --- [http-nio-9221-exec-2] o.s.web.servlet.DispatcherServlet        : Completed 200 OK
2021-03-18 02:11:40.515 DEBUG 4651 --- [http-nio-9221-exec-3] o.s.web.servlet.DispatcherServlet        : POST "/v1/scanFile", parameters={masked}
2021-03-18 02:11:40.515 DEBUG 4651 --- [http-nio-9221-exec-3] s.w.s.m.m.a.RequestMappingHandlerMapping : Mapped to com.hcl.appscan.customscannersservice.controller.CustomScannersController#runScanFile(MultipartFile, String, int[])
2021-03-18 02:11:40.530 DEBUG 4651 --- [http-nio-9221-exec-3] o.s.w.s.m.m.a.HttpEntityMethodProcessor  : Using 'application/json', given [application/json] and supported [application/json]
2021-03-18 02:11:40.532 DEBUG 4651 --- [http-nio-9221-exec-3] o.s.w.s.m.m.a.HttpEntityMethodProcessor  : Writing [CustomScannerServiceResult{findings=[], articles={}}]
2021-03-18 02:11:40.538 DEBUG 4651 --- [http-nio-9221-exec-3] o.s.web.servlet.DispatcherServlet        : Completed 200 OK
2021-03-18 02:11:40.768 DEBUG 4651 --- [http-nio-9221-exec-4] o.s.web.servlet.DispatcherServlet        : POST "/v1/scanFile", parameters={masked}
2021-03-18 02:11:40.769 DEBUG 4651 --- [http-nio-9221-exec-4] s.w.s.m.m.a.RequestMappingHandlerMapping : Mapped to com.hcl.appscan.customscannersservice.controller.CustomScannersController#runScanFile(MultipartFile, String, int[])
2021-03-18 02:11:40.787 DEBUG 4651 --- [http-nio-9221-exec-4] o.s.w.s.m.m.a.HttpEntityMethodProcessor  : Using 'application/json', given [application/json] and supported [application/json]
2021-03-18 02:11:40.787 DEBUG 4651 --- [http-nio-9221-exec-4] o.s.w.s.m.m.a.HttpEntityMethodProcessor  : Writing [CustomScannerServiceResult{findings=[], articles={}}]
2021-03-18 02:11:40.788 DEBUG 4651 --- [http-nio-9221-exec-4] o.s.web.servlet.DispatcherServlet        : Completed 200 OK
2021-03-18 02:12:08.008 DEBUG 4651 --- [http-nio-9221-exec-5] o.s.web.servlet.DispatcherServlet        : POST "/v1/scanFile", parameters={masked}
2021-03-18 02:12:08.009 DEBUG 4651 --- [http-nio-9221-exec-5] s.w.s.m.m.a.RequestMappingHandlerMapping : Mapped to com.hcl.appscan.customscannersservice.controller.CustomScannersController#runScanFile(MultipartFile, String, int[])
2021-03-18 02:12:08.022 DEBUG 4651 --- [http-nio-9221-exec-5] o.s.w.s.m.m.a.HttpEntityMethodProcessor  : Using 'application/json', given [application/json] and supported [application/json]
2021-03-18 02:12:08.022 DEBUG 4651 --- [http-nio-9221-exec-5] o.s.w.s.m.m.a.HttpEntityMethodProcessor  : Writing [CustomScannerServiceResult{findings=[], articles={}}]
2021-03-18 02:12:08.023 DEBUG 4651 --- [http-nio-9221-exec-5] o.s.web.servlet.DispatcherServlet        : Completed 200 OK
2021-03-18 02:12:08.350 DEBUG 4651 --- [http-nio-9221-exec-6] o.s.web.servlet.DispatcherServlet        : POST "/v1/scanFile", parameters={masked}
2021-03-18 02:12:08.351 DEBUG 4651 --- [http-nio-9221-exec-6] s.w.s.m.m.a.RequestMappingHandlerMapping : Mapped to com.hcl.appscan.customscannersservice.controller.CustomScannersController#runScanFile(MultipartFile, String, int[])
2021-03-18 02:12:08.369 DEBUG 4651 --- [http-nio-9221-exec-6] o.s.w.s.m.m.a.HttpEntityMethodProcessor  : Using 'application/json', given [application/json] and supported [application/json]
2021-03-18 02:12:08.369 DEBUG 4651 --- [http-nio-9221-exec-6] o.s.w.s.m.m.a.HttpEntityMethodProcessor  : Writing [CustomScannerServiceResult{findings=[], articles={}}]
2021-03-18 02:12:08.370 DEBUG 4651 --- [http-nio-9221-exec-6] o.s.web.servlet.DispatcherServlet        : Completed 200 OK
2021-03-18 02:18:24.999 DEBUG 4651 --- [http-nio-9221-exec-1] o.s.web.servlet.DispatcherServlet        : POST "/v1/scanFile", parameters={masked}
2021-03-18 02:18:25.002 DEBUG 4651 --- [http-nio-9221-exec-1] s.w.s.m.m.a.RequestMappingHandlerMapping : Mapped to com.hcl.appscan.customscannersservice.controller.CustomScannersController#runScanFile(MultipartFile, String, int[])
2021-03-18 02:18:25.017 DEBUG 4651 --- [http-nio-9221-exec-1] o.s.w.s.m.m.a.HttpEntityMethodProcessor  : Using 'application/json', given [application/json] and supported [application/json]
2021-03-18 02:18:25.024 DEBUG 4651 --- [http-nio-9221-exec-1] o.s.w.s.m.m.a.HttpEntityMethodProcessor  : Writing [CustomScannerServiceResult{findings=[], articles={}}]
2021-03-18 02:18:25.026 DEBUG 4651 --- [http-nio-9221-exec-1] o.s.web.servlet.DispatcherServlet        : Completed 200 OK
2021-03-18 02:18:25.146 DEBUG 4651 --- [http-nio-9221-exec-7] o.s.web.servlet.DispatcherServlet        : POST "/v1/scanFile", parameters={masked}
2021-03-18 02:18:25.146 DEBUG 4651 --- [http-nio-9221-exec-7] s.w.s.m.m.a.RequestMappingHandlerMapping : Mapped to com.hcl.appscan.customscannersservice.controller.CustomScannersController#runScanFile(MultipartFile, String, int[])
2021-03-18 02:18:25.153 DEBUG 4651 --- [http-nio-9221-exec-7] o.s.w.s.m.m.a.HttpEntityMethodProcessor  : Using 'application/json', given [application/json] and supported [application/json]
2021-03-18 02:18:25.153 DEBUG 4651 --- [http-nio-9221-exec-7] o.s.w.s.m.m.a.HttpEntityMethodProcessor  : Writing [CustomScannerServiceResult{findings=[], articles={}}]
2021-03-18 02:18:25.158 DEBUG 4651 --- [http-nio-9221-exec-7] o.s.web.servlet.DispatcherServlet        : Completed 200 OK
2021-03-18 02:19:02.926 DEBUG 4651 --- [http-nio-9221-exec-8] o.s.web.servlet.DispatcherServlet        : POST "/v1/scanFile", parameters={masked}
2021-03-18 02:19:02.928 DEBUG 4651 --- [http-nio-9221-exec-8] s.w.s.m.m.a.RequestMappingHandlerMapping : Mapped to com.hcl.appscan.customscannersservice.controller.CustomScannersController#runScanFile(MultipartFile, String, int[])
2021-03-18 02:19:02.968 DEBUG 4651 --- [http-nio-9221-exec-8] o.s.w.s.m.m.a.HttpEntityMethodProcessor  : Using 'application/json', given [application/json] and supported [application/json]
2021-03-18 02:19:02.969 DEBUG 4651 --- [http-nio-9221-exec-8] o.s.w.s.m.m.a.HttpEntityMethodProcessor  : Writing [CustomScannerServiceResult{findings=[], articles={}}]
2021-03-18 02:19:02.970 DEBUG 4651 --- [http-nio-9221-exec-8] o.s.web.servlet.DispatcherServlet        : Completed 200 OK
2021-03-18 02:19:03.116 DEBUG 4651 --- [http-nio-9221-exec-9] o.s.web.servlet.DispatcherServlet        : POST "/v1/scanFile", parameters={masked}
2021-03-18 02:19:03.116 DEBUG 4651 --- [http-nio-9221-exec-9] s.w.s.m.m.a.RequestMappingHandlerMapping : Mapped to com.hcl.appscan.customscannersservice.controller.CustomScannersController#runScanFile(MultipartFile, String, int[])
2021-03-18 02:19:03.199 DEBUG 4651 --- [http-nio-9221-exec-9] o.s.w.s.m.m.a.HttpEntityMethodProcessor  : Using 'application/json', given [application/json] and supported [application/json]
2021-03-18 02:19:03.201 DEBUG 4651 --- [http-nio-9221-exec-9] o.s.w.s.m.m.a.HttpEntityMethodProcessor  : Writing [CustomScannerServiceResult{findings=[], articles={}}]
2021-03-18 02:19:03.203 DEBUG 4651 --- [http-nio-9221-exec-9] o.s.web.servlet.DispatcherServlet        : Completed 200 OK
2021-03-18 02:20:18.201 DEBUG 4651 --- [http-nio-9221-exec-10] o.s.web.servlet.DispatcherServlet        : POST "/v1/scanFile", parameters={masked}
2021-03-18 02:20:18.201 DEBUG 4651 --- [http-nio-9221-exec-10] s.w.s.m.m.a.RequestMappingHandlerMapping : Mapped to com.hcl.appscan.customscannersservice.controller.CustomScannersController#runScanFile(MultipartFile, String, int[])
2021-03-18 02:20:18.248 DEBUG 4651 --- [http-nio-9221-exec-10] o.s.w.s.m.m.a.HttpEntityMethodProcessor  : Using 'application/json', given [application/json] and supported [application/json]
2021-03-18 02:20:18.249 DEBUG 4651 --- [http-nio-9221-exec-10] o.s.w.s.m.m.a.HttpEntityMethodProcessor  : Writing [CustomScannerServiceResult{findings=[], articles={}}]
2021-03-18 02:20:18.250 DEBUG 4651 --- [http-nio-9221-exec-10] o.s.web.servlet.DispatcherServlet        : Completed 200 OK
2021-03-18 02:20:18.399 DEBUG 4651 --- [http-nio-9221-exec-2] o.s.web.servlet.DispatcherServlet        : POST "/v1/scanFile", parameters={masked}
2021-03-18 02:20:18.400 DEBUG 4651 --- [http-nio-9221-exec-2] s.w.s.m.m.a.RequestMappingHandlerMapping : Mapped to com.hcl.appscan.customscannersservice.controller.CustomScannersController#runScanFile(MultipartFile, String, int[])
2021-03-18 02:20:18.455 DEBUG 4651 --- [http-nio-9221-exec-2] o.s.w.s.m.m.a.HttpEntityMethodProcessor  : Using 'application/json', given [application/json] and supported [application/json]
2021-03-18 02:20:18.455 DEBUG 4651 --- [http-nio-9221-exec-2] o.s.w.s.m.m.a.HttpEntityMethodProcessor  : Writing [CustomScannerServiceResult{findings=[], articles={}}]
2021-03-18 02:20:18.456 DEBUG 4651 --- [http-nio-9221-exec-2] o.s.web.servlet.DispatcherServlet        : Completed 200 OK
2021-03-18 02:20:18.634 DEBUG 4651 --- [http-nio-9221-exec-3] o.s.web.servlet.DispatcherServlet        : POST "/v1/scanFile", parameters={masked}
2021-03-18 02:20:18.635 DEBUG 4651 --- [http-nio-9221-exec-3] s.w.s.m.m.a.RequestMappingHandlerMapping : Mapped to com.hcl.appscan.customscannersservice.controller.CustomScannersController#runScanFile(MultipartFile, String, int[])
2021-03-18 02:20:18.691 DEBUG 4651 --- [http-nio-9221-exec-3] o.s.w.s.m.m.a.HttpEntityMethodProcessor  : Using 'application/json', given [application/json] and supported [application/json]
2021-03-18 02:20:18.691 DEBUG 4651 --- [http-nio-9221-exec-3] o.s.w.s.m.m.a.HttpEntityMethodProcessor  : Writing [CustomScannerServiceResult{findings=[], articles={}}]
2021-03-18 02:20:18.692 DEBUG 4651 --- [http-nio-9221-exec-3] o.s.web.servlet.DispatcherServlet        : Completed 200 OK
2021-03-18 02:25:00.765 DEBUG 4651 --- [http-nio-9221-exec-4] o.s.web.servlet.DispatcherServlet        : POST "/v1/scanFile", parameters={masked}
2021-03-18 02:25:00.766 DEBUG 4651 --- [http-nio-9221-exec-4] s.w.s.m.m.a.RequestMappingHandlerMapping : Mapped to com.hcl.appscan.customscannersservice.controller.CustomScannersController#runScanFile(MultipartFile, String, int[])
2021-03-18 02:25:00.775 DEBUG 4651 --- [http-nio-9221-exec-4] o.s.w.s.m.m.a.HttpEntityMethodProcessor  : Using 'application/json', given [application/json] and supported [application/json]
2021-03-18 02:25:00.775 DEBUG 4651 --- [http-nio-9221-exec-4] o.s.w.s.m.m.a.HttpEntityMethodProcessor  : Writing [CustomScannerServiceResult{findings=[], articles={}}]
2021-03-18 02:25:00.776 DEBUG 4651 --- [http-nio-9221-exec-4] o.s.web.servlet.DispatcherServlet        : Completed 200 OK
2021-03-18 02:25:00.946 DEBUG 4651 --- [http-nio-9221-exec-5] o.s.web.servlet.DispatcherServlet        : POST "/v1/scanFile", parameters={masked}
2021-03-18 02:25:00.946 DEBUG 4651 --- [http-nio-9221-exec-5] s.w.s.m.m.a.RequestMappingHandlerMapping : Mapped to com.hcl.appscan.customscannersservice.controller.CustomScannersController#runScanFile(MultipartFile, String, int[])
2021-03-18 02:25:00.957 DEBUG 4651 --- [http-nio-9221-exec-5] o.s.w.s.m.m.a.HttpEntityMethodProcessor  : Using 'application/json', given [application/json] and supported [application/json]
2021-03-18 02:25:00.957 DEBUG 4651 --- [http-nio-9221-exec-5] o.s.w.s.m.m.a.HttpEntityMethodProcessor  : Writing [CustomScannerServiceResult{findings=[], articles={}}]
2021-03-18 02:25:00.972 DEBUG 4651 --- [http-nio-9221-exec-5] o.s.web.servlet.DispatcherServlet        : Completed 200 OK
2021-03-18 02:25:01.149 DEBUG 4651 --- [http-nio-9221-exec-6] o.s.web.servlet.DispatcherServlet        : POST "/v1/scanFile", parameters={masked}
2021-03-18 02:25:01.150 DEBUG 4651 --- [http-nio-9221-exec-6] s.w.s.m.m.a.RequestMappingHandlerMapping : Mapped to com.hcl.appscan.customscannersservice.controller.CustomScannersController#runScanFile(MultipartFile, String, int[])
2021-03-18 02:25:01.174 DEBUG 4651 --- [http-nio-9221-exec-6] o.s.w.s.m.m.a.HttpEntityMethodProcessor  : Using 'application/json', given [application/json] and supported [application/json]
2021-03-18 02:25:01.174 DEBUG 4651 --- [http-nio-9221-exec-6] o.s.w.s.m.m.a.HttpEntityMethodProcessor  : Writing [CustomScannerServiceResult{findings=[], articles={}}]
2021-03-18 02:25:01.176 DEBUG 4651 --- [http-nio-9221-exec-6] o.s.web.servlet.DispatcherServlet        : Completed 200 OK
2021-03-18 02:26:08.641 DEBUG 4651 --- [http-nio-9221-exec-1] o.s.web.servlet.DispatcherServlet        : POST "/v1/scanFile", parameters={masked}
2021-03-18 02:26:08.642 DEBUG 4651 --- [http-nio-9221-exec-1] s.w.s.m.m.a.RequestMappingHandlerMapping : Mapped to com.hcl.appscan.customscannersservice.controller.CustomScannersController#runScanFile(MultipartFile, String, int[])
2021-03-18 02:26:08.652 DEBUG 4651 --- [http-nio-9221-exec-1] o.s.w.s.m.m.a.HttpEntityMethodProcessor  : Using 'application/json', given [application/json] and supported [application/json]
2021-03-18 02:26:08.653 DEBUG 4651 --- [http-nio-9221-exec-1] o.s.w.s.m.m.a.HttpEntityMethodProcessor  : Writing [CustomScannerServiceResult{findings=[], articles={}}]
2021-03-18 02:26:08.654 DEBUG 4651 --- [http-nio-9221-exec-1] o.s.web.servlet.DispatcherServlet        : Completed 200 OK
2021-03-18 02:26:08.879 DEBUG 4651 --- [http-nio-9221-exec-7] o.s.web.servlet.DispatcherServlet        : POST "/v1/scanFile", parameters={masked}
2021-03-18 02:26:08.880 DEBUG 4651 --- [http-nio-9221-exec-7] s.w.s.m.m.a.RequestMappingHandlerMapping : Mapped to com.hcl.appscan.customscannersservice.controller.CustomScannersController#runScanFile(MultipartFile, String, int[])
2021-03-18 02:26:08.890 DEBUG 4651 --- [http-nio-9221-exec-7] o.s.w.s.m.m.a.HttpEntityMethodProcessor  : Using 'application/json', given [application/json] and supported [application/json]
2021-03-18 02:26:08.896 DEBUG 4651 --- [http-nio-9221-exec-7] o.s.w.s.m.m.a.HttpEntityMethodProcessor  : Writing [CustomScannerServiceResult{findings=[], articles={}}]
2021-03-18 02:26:08.904 DEBUG 4651 --- [http-nio-9221-exec-7] o.s.web.servlet.DispatcherServlet        : Completed 200 OK
2021-03-18 02:26:09.071 DEBUG 4651 --- [http-nio-9221-exec-8] o.s.web.servlet.DispatcherServlet        : POST "/v1/scanFile", parameters={masked}
2021-03-18 02:26:09.071 DEBUG 4651 --- [http-nio-9221-exec-8] s.w.s.m.m.a.RequestMappingHandlerMapping : Mapped to com.hcl.appscan.customscannersservice.controller.CustomScannersController#runScanFile(MultipartFile, String, int[])
2021-03-18 02:26:09.080 DEBUG 4651 --- [http-nio-9221-exec-8] o.s.w.s.m.m.a.HttpEntityMethodProcessor  : Using 'application/json', given [application/json] and supported [application/json]
2021-03-18 02:26:09.080 DEBUG 4651 --- [http-nio-9221-exec-8] o.s.w.s.m.m.a.HttpEntityMethodProcessor  : Writing [CustomScannerServiceResult{findings=[], articles={}}]
2021-03-18 02:26:09.081 DEBUG 4651 --- [http-nio-9221-exec-8] o.s.web.servlet.DispatcherServlet        : Completed 200 OK
